# JRE version: OpenJDK Runtime Environment Microsoft-8035246 (17.0.8+7) (build 17.0.8+7-LTS)
# Java VM: OpenJDK 64-Bit Server VM Microsoft-8035246 (17.0.8+7-LTS, mixed mode, sharing, tiered, compressed oops, compressed class ptrs, g1 gc, windows-amd64)
GC Precious Log:
 CPUs: 16 total, 16 available
 Memory: 16024M
 Large Page Support: Disabled
 NUMA Support: Disabled
 Compressed Oops: Enabled (32-bit)
 Heap Region Size: 1M
 Heap Min Capacity: 8M
 Heap Initial Capacity: 252M
 Heap Max Capacity: 2G
 Pre-touch: Disabled
 Parallel Workers: 13
 Concurrent Workers: 3
 Concurrent Refinement Workers: 13
 Periodic GC: Disabled
Heap:
 garbage-first heap   total 286720K, used 94216K [0x0000000080000000, 0x0000000100000000)
  region size 1024K, 3 young (3072K), 2 survivors (2048K)
 Metaspace       used 78894K, committed 79936K, reserved 557056K
  class space    used 11124K, committed 11584K, reserved 425984K
GC Heap History (20 events):
Event: 13.275 GC heap before
{Heap before GC invocations=17 (full 0):
 garbage-first heap   total 115712K, used 89093K [0x0000000080000000, 0x0000000100000000)
  region size 1024K, 35 young (35840K), 2 survivors (2048K)
 Metaspace       used 62369K, committed 63168K, reserved 491520K
  class space    used 8761K, committed 9152K, reserved 425984K
}
Event: 13.281 GC heap after
{Heap after GC invocations=18 (full 0):
 garbage-first heap   total 115712K, used 56515K [0x0000000080000000, 0x0000000100000000)
  region size 1024K, 3 young (3072K), 3 survivors (3072K)
 Metaspace       used 62369K, committed 63168K, reserved 491520K
  class space    used 8761K, committed 9152K, reserved 425984K
}
Event: 13.740 GC heap before
{Heap before GC invocations=18 (full 0):
 garbage-first heap   total 115712K, used 90307K [0x0000000080000000, 0x0000000100000000)
  region size 1024K, 36 young (36864K), 3 survivors (3072K)
 Metaspace       used 64924K, committed 65792K, reserved 491520K
  class space    used 9126K, committed 9536K, reserved 425984K
}
Event: 13.743 GC heap after
{Heap after GC invocations=19 (full 0):
 garbage-first heap   total 115712K, used 57998K [0x0000000080000000, 0x0000000100000000)
  region size 1024K, 4 young (4096K), 4 survivors (4096K)
 Metaspace       used 64924K, committed 65792K, reserved 491520K
  class space    used 9126K, committed 9536K, reserved 425984K
}
Event: 14.183 GC heap before
{Heap before GC invocations=20 (full 0):
 garbage-first heap   total 115712K, used 92814K [0x0000000080000000, 0x0000000100000000)
  region size 1024K, 38 young (38912K), 4 survivors (4096K)
 Metaspace       used 67257K, committed 68096K, reserved 491520K
  class space    used 9502K, committed 9920K, reserved 425984K
}
Event: 14.189 GC heap after
{Heap after GC invocations=21 (full 0):
 garbage-first heap   total 115712K, used 59210K [0x0000000080000000, 0x0000000100000000)
  region size 1024K, 3 young (3072K), 3 survivors (3072K)
 Metaspace       used 67257K, committed 68096K, reserved 491520K
  class space    used 9502K, committed 9920K, reserved 425984K
}
Event: 14.728 GC heap before
{Heap before GC invocations=21 (full 0):
 garbage-first heap   total 115712K, used 94026K [0x0000000080000000, 0x0000000100000000)
  region size 1024K, 37 young (37888K), 3 survivors (3072K)
 Metaspace       used 69223K, committed 70016K, reserved 491520K
  class space    used 9802K, committed 10176K, reserved 425984K
}
Event: 14.733 GC heap after
{Heap after GC invocations=22 (full 0):
 garbage-first heap   total 139264K, used 60686K [0x0000000080000000, 0x0000000100000000)
  region size 1024K, 3 young (3072K), 3 survivors (3072K)
 Metaspace       used 69223K, committed 70016K, reserved 491520K
  class space    used 9802K, committed 10176K, reserved 425984K
}
Event: 15.871 GC heap before
{Heap before GC invocations=23 (full 0):
 garbage-first heap   total 139264K, used 111886K [0x0000000080000000, 0x0000000100000000)
  region size 1024K, 54 young (55296K), 3 survivors (3072K)
 Metaspace       used 71937K, committed 72832K, reserved 491520K
  class space    used 10146K, committed 10560K, reserved 425984K
}
Event: 15.879 GC heap after
{Heap after GC invocations=24 (full 0):
 garbage-first heap   total 139264K, used 66554K [0x0000000080000000, 0x0000000100000000)
  region size 1024K, 7 young (7168K), 7 survivors (7168K)
 Metaspace       used 71937K, committed 72832K, reserved 491520K
  class space    used 10146K, committed 10560K, reserved 425984K
}
Event: 15.893 GC heap before
{Heap before GC invocations=24 (full 0):
 garbage-first heap   total 139264K, used 67578K [0x0000000080000000, 0x0000000100000000)
  region size 1024K, 8 young (8192K), 7 survivors (7168K)
 Metaspace       used 71937K, committed 72832K, reserved 491520K
  class space    used 10146K, committed 10560K, reserved 425984K
}
Event: 15.899 GC heap after
{Heap after GC invocations=25 (full 0):
 garbage-first heap   total 139264K, used 66554K [0x0000000080000000, 0x0000000100000000)
  region size 1024K, 1 young (1024K), 1 survivors (1024K)
 Metaspace       used 71937K, committed 72832K, reserved 491520K
  class space    used 10146K, committed 10560K, reserved 425984K
}
Event: 16.754 GC heap before
{Heap before GC invocations=25 (full 0):
 garbage-first heap   total 139264K, used 110586K [0x0000000080000000, 0x0000000100000000)
  region size 1024K, 45 young (46080K), 1 survivors (1024K)
 Metaspace       used 74889K, committed 75840K, reserved 557056K
  class space    used 10639K, committed 11072K, reserved 425984K
}
Event: 16.760 GC heap after
{Heap after GC invocations=26 (full 0):
 garbage-first heap   total 139264K, used 70530K [0x0000000080000000, 0x0000000100000000)
  region size 1024K, 5 young (5120K), 5 survivors (5120K)
 Metaspace       used 74889K, committed 75840K, reserved 557056K
  class space    used 10639K, committed 11072K, reserved 425984K
}
Event: 17.566 GC heap before
{Heap before GC invocations=27 (full 0):
 garbage-first heap   total 139264K, used 110466K [0x0000000080000000, 0x0000000100000000)
  region size 1024K, 45 young (46080K), 5 survivors (5120K)
 Metaspace       used 76542K, committed 77504K, reserved 557056K
  class space    used 10915K, committed 11392K, reserved 425984K
}
Event: 17.575 GC heap after
{Heap after GC invocations=28 (full 0):
 garbage-first heap   total 139264K, used 74461K [0x0000000080000000, 0x0000000100000000)
  region size 1024K, 6 young (6144K), 6 survivors (6144K)
 Metaspace       used 76542K, committed 77504K, reserved 557056K
  class space    used 10915K, committed 11392K, reserved 425984K
}
Event: 17.593 GC heap before
{Heap before GC invocations=28 (full 0):
 garbage-first heap   total 139264K, used 75485K [0x0000000080000000, 0x0000000100000000)
  region size 1024K, 7 young (7168K), 6 survivors (6144K)
 Metaspace       used 76626K, committed 77568K, reserved 557056K
  class space    used 10925K, committed 11392K, reserved 425984K
}
Event: 17.599 GC heap after
{Heap after GC invocations=29 (full 0):
 garbage-first heap   total 139264K, used 73598K [0x0000000080000000, 0x0000000100000000)
  region size 1024K, 1 young (1024K), 1 survivors (1024K)
 Metaspace       used 76626K, committed 77568K, reserved 557056K
  class space    used 10925K, committed 11392K, reserved 425984K
}
Event: 18.344 GC heap before
{Heap before GC invocations=29 (full 0):
 garbage-first heap   total 139264K, used 112510K [0x0000000080000000, 0x0000000100000000)
  region size 1024K, 39 young (39936K), 1 survivors (1024K)
 Metaspace       used 78041K, committed 79040K, reserved 557056K
  class space    used 11052K, committed 11520K, reserved 425984K
}
Event: 18.351 GC heap after
{Heap after GC invocations=30 (full 0):
 garbage-first heap   total 291840K, used 78042K [0x0000000080000000, 0x0000000100000000)
  region size 1024K, 5 young (5120K), 5 survivors (5120K)
 Metaspace       used 78041K, committed 79040K, reserved 557056K
  class space    used 11052K, committed 11520K, reserved 425984K
}

